#-----------------------------------------------------------
# Vivado v2022.2 (64-bit)
# SW Build 3671981 on Fri Oct 14 05:00:03 MDT 2022
# IP Build 3669848 on Fri Oct 14 08:30:02 MDT 2022
# Start of session at: Thu May 29 22:33:10 2025
# Process ID: 3212
# Current directory: C:/Xilinx/Projects/Xilinx_ZU19EG_PCIe/ZU19_PCIe_AXI_STREAM - iWaveRef/Vivado2023.1
# Command line: vivado.exe -gui_launcher_event rodinguilauncherevent19204 C:\Xilinx\Projects\Xilinx_ZU19EG_PCIe\ZU19_PCIe_AXI_STREAM - iWaveRef\Vivado2023.1\UARTECHO.xpr
# Log file: C:/Xilinx/Projects/Xilinx_ZU19EG_PCIe/ZU19_PCIe_AXI_STREAM - iWaveRef/Vivado2023.1/vivado.log
# Journal file: C:/Xilinx/Projects/Xilinx_ZU19EG_PCIe/ZU19_PCIe_AXI_STREAM - iWaveRef/Vivado2023.1\vivado.jou
# Running On: YousefPC, OS: Windows, CPU Frequency: 2419 MHz, CPU Physical cores: 24, Host memory: 34029 MB
#-----------------------------------------------------------
start_guiWARNING: [Board 49-26] cannot add Board Part xilinx.com:vek280_es:part0:1.0 available at D:/Xilinx/2022.2/Vivado/2022.2/data/xhub/boards/XilinxBoardStore/boards/Xilinx/vek280/es/1.0/board.xml as part xcve2802-vsvh1760-2lp-e-s-es1 specified in board_part file is either invalid or not available
WARNING: [Board 49-26] cannot add Board Part xilinx.com:vhk158_es:part0:1.0 available at D:/Xilinx/2022.2/Vivado/2022.2/data/xhub/boards/XilinxBoardStore/boards/Xilinx/vhk158/es/1.0/board.xml as part xcvh1582-vsva3697-2mp-e-s-es1 specified in board_part file is either invalid or not available
WARNING: [Board 49-26] cannot add Board Part xilinx.com:vpk120_es:part0:1.2 available at D:/Xilinx/2022.2/Vivado/2022.2/data/xhub/boards/XilinxBoardStore/boards/Xilinx/vpk120/es/1.2/board.xml as part xcvp1202-vsva2785-2mp-e-s-es1 specified in board_part file is either invalid or not available
WARNING: [Board 49-26] cannot add Board Part xilinx.com:vpk120_es_revb:part0:1.0 available at D:/Xilinx/2022.2/Vivado/2022.2/data/xhub/boards/XilinxBoardStore/boards/Xilinx/vpk120_revb/es/1.0/board.xml as part xcvp1202-vsva2785-2mp-e-s-es1 specified in board_part file is either invalid or not available
WARNING: [Board 49-26] cannot add Board Part xilinx.com:vpk180_es:part0:1.0 available at D:/Xilinx/2022.2/Vivado/2022.2/data/xhub/boards/XilinxBoardStore/boards/Xilinx/vpk180/es/1.0/board.xml as part xcvp1802-lsvc4072-2mp-e-s-es1 specified in board_part file is either invalid or not available
WARNING: [Board 49-26] cannot add Board Part xilinx.com:zcu208ld:part0:2.0 available at D:/Xilinx/2022.2/Vivado/2022.2/data/xhub/boards/XilinxBoardStore/boards/Xilinx/zcu208ld/production/2.0/board.xml as part xczu58dr-fsvg1517-2-i specified in board_part file is either invalid or not available
WARNING: [Board 49-26] cannot add Board Part xilinx.com:zcu216ld:part0:2.0 available at D:/Xilinx/2022.2/Vivado/2022.2/data/xhub/boards/XilinxBoardStore/boards/Xilinx/zcu216ld/production/2.0/board.xml as part xczu59dr-ffvf1760-2-i specified in board_part file is either invalid or not available
WARNING: [Board 49-26] cannot add Board Part xilinx.com:zcu670:part0:2.0 available at D:/Xilinx/2022.2/Vivado/2022.2/data/xhub/boards/XilinxBoardStore/boards/Xilinx/zcu670/2.0/board.xml as part xczu67dr-fsve1156-2-i specified in board_part file is either invalid or not available
WARNING: [Board 49-26] cannot add Board Part xilinx.com:zcu670ld:part0:1.0 available at D:/Xilinx/2022.2/Vivado/2022.2/data/xhub/boards/XilinxBoardStore/boards/Xilinx/zcu670ld/1.0/board.xml as part xczu57dr-fsve1156-2-i specified in board_part file is either invalid or not available
open_project {C:/Xilinx/Projects/Xilinx_ZU19EG_PCIe/ZU19_PCIe_AXI_STREAM - iWaveRef/Vivado2023.1/UARTECHO.xpr}
INFO: [Project 1-313] Project file moved from 'C:/Xilinx/Projects/Xilinx_ZU19EG_PCIe/ZU19_PCIe_AXI_STREAM/Vivado2023.1' since last save.
ERROR: [Runs 36-378] The checkpoint 'C:/Xilinx/Projects/Xilinx_ZU19EG_PCIe/ZU19_PCIe_AXI_STREAM - iWaveRef/Vivado2023.1/UARTECHO.srcs/utils_1/imports/synth_1/loopback.dcp' was created with 'Vivado v2023.1 (64-bit)', and cannot be opened in this version.
exit
INFO: [Common 17-206] Exiting Vivado at Thu May 29 22:33:30 2025...
